{"level":"info","time":"2022-11-22T20:03:39.925+0700","caller":"cobra@v1.1.1/command.go:854","msg":"LambdaTest Tunnel version: 3.1.25"}
{"level":"debug","time":"2022-11-22T20:03:39.925+0700","caller":"cmd/lt.go:211","msg":"Starting pipeline....."}
{"level":"debug","time":"2022-11-22T20:03:39.925+0700","caller":"cmd/lt.go:211","msg":"OS: windows, Arch: amd64"}
{"level":"debug","time":"2022-11-22T20:03:39.925+0700","caller":"cmd/lt.go:211","msg":"Fetching config"}
{"level":"debug","time":"2022-11-22T20:03:39.925+0700","caller":"runtime/asm_amd64.s:1594","msg":"Starting tunnel With flags: --user duypeterle3 --key ***** --controller npm --infoAPIPort 53991 --tunnelName DESKTOP-5UNTMI753991 --logFile DESKTOP-5UNTMI753991.log --port 53992"}
{"level":"debug","time":"2022-11-22T20:03:40.782+0700","caller":"cmd/lt.go:211","msg":"Remote config fetched"}
{"level":"debug","time":"2022-11-22T20:03:41.116+0700","caller":"core/lifecycle.go:152","msg":"Starting API server"}
{"level":"debug","time":"2022-11-22T20:03:41.116+0700","caller":"core/lifecycle.go:138","msg":"Starting sink proxy"}
{"level":"debug","time":"2022-11-22T20:03:41.116+0700","caller":"runtime/asm_amd64.s:1594","msg":"Trying on port 22"}
{"level":"debug","time":"2022-11-22T20:03:41.116+0700","caller":"runtime/asm_amd64.s:1594","msg":"Trying on port 443"}
{"level":"debug","time":"2022-11-22T20:03:41.116+0700","caller":"runtime/asm_amd64.s:1594","msg":"Trying over ssh over ws"}
{"level":"debug","time":"2022-11-22T20:03:41.116+0700","caller":"apiserver/setup.go:173","msg":"Starting API server for tunnel info on port: 53991"}
{"level":"info","time":"2022-11-22T20:03:41.178+0700","caller":"custom/setup.go:749","msg":"Tunnel binary started on port :53992"}
{"level":"debug","time":"2022-11-22T20:03:41.389+0700","caller":"runtime/asm_amd64.s:1594","msg":"WSS connection was successful"}
{"level":"debug","time":"2022-11-22T20:03:42.261+0700","caller":"runtime/asm_amd64.s:1594","msg":"SSH connection over port 443 successful"}
{"level":"debug","time":"2022-11-22T20:03:42.359+0700","caller":"runtime/asm_amd64.s:1594","msg":"SSH connection over ws successful"}
{"level":"debug","time":"2022-11-22T20:03:42.460+0700","caller":"runtime/asm_amd64.s:1594","msg":"SSH connection over port 22 successful"}
{"level":"info","time":"2022-11-22T20:03:42.460+0700","caller":"core/lifecycle.go:115","msg":"Using ssh(over_22) :: connection mode"}
{"level":"info","time":"2022-11-22T20:03:42.460+0700","caller":"cmd/lt.go:211","msg":"Launching tunnel"}
{"level":"debug","time":"2022-11-22T20:03:42.460+0700","caller":"core/lifecycle.go:233","msg":"Starting control ws connection at wss://ts.lambdatest.com/monitor"}
{"level":"debug","time":"2022-11-22T20:03:42.985+0700","caller":"core/lifecycle.go:233","msg":"Control ws channel opened"}
{"level":"debug","time":"2022-11-22T20:03:42.989+0700","caller":"runtime/asm_amd64.s:1594","msg":"Starting message listener on control connection"}
{"level":"debug","time":"2022-11-22T20:03:44.513+0700","caller":"runtime/asm_amd64.s:1594","msg":"Sending tunnel registered message to channels"}
{"level":"debug","time":"2022-11-22T20:03:44.513+0700","caller":"runtime/asm_amd64.s:1594","msg":"Tunnel registered message received on control channel"}
{"level":"debug","time":"2022-11-22T20:03:44.513+0700","caller":"core/lifecycle.go:283","msg":"Using 5 ssh connection"}
{"level":"debug","time":"2022-11-22T20:03:44.514+0700","caller":"runtime/asm_amd64.s:1594","msg":"controller bus registered"}
{"level":"debug","time":"2022-11-22T20:03:45.754+0700","caller":"runtime/asm_amd64.s:1594","msg":"Successfully started sshd listener on port: 27603"}
{"level":"info","time":"2022-11-22T20:03:45.754+0700","caller":"runtime/asm_amd64.s:1594","msg":"You can start testing now"}
{"level":"info","time":"2022-11-22T20:03:45.754+0700","caller":"runtime/asm_amd64.s:1594","msg":"Tunnel ID: 2645439"}
{"level":"debug","time":"2022-11-22T20:03:45.754+0700","caller":"runtime/asm_amd64.s:1594","msg":"Remote Listener Started on Port 18300"}
{"level":"debug","time":"2022-11-22T20:03:45.754+0700","caller":"runtime/asm_amd64.s:1594","msg":"Successfully started sshd listener on port: 26725"}
{"level":"debug","time":"2022-11-22T20:03:45.803+0700","caller":"runtime/asm_amd64.s:1594","msg":"Successfully started sshd listener on port: 21193"}
{"level":"debug","time":"2022-11-22T20:03:45.864+0700","caller":"runtime/asm_amd64.s:1594","msg":"Successfully started sshd listener on port: 9155"}
{"level":"debug","time":"2022-11-22T20:03:45.979+0700","caller":"runtime/asm_amd64.s:1594","msg":"Successfully started sshd listener on port: 22300"}
{"level":"debug","time":"2022-11-22T20:04:06.138+0700","caller":"runtime/asm_amd64.s:1594","msg":"handling connect request for URL https://www.gstatic.com:443"}
{"level":"debug","time":"2022-11-22T20:04:09.504+0700","caller":"runtime/asm_amd64.s:1594","msg":"handling connect request for URL https://www.saucedemo.com:443"}
{"level":"debug","time":"2022-11-22T20:04:10.748+0700","caller":"runtime/asm_amd64.s:1594","msg":"handling connect request for URL https://www.saucedemo.com:443"}
{"level":"debug","time":"2022-11-22T20:04:10.762+0700","caller":"runtime/asm_amd64.s:1594","msg":"handling connect request for URL https://www.saucedemo.com:443"}
{"level":"debug","time":"2022-11-22T20:04:13.834+0700","caller":"runtime/asm_amd64.s:1594","msg":"handling connect request for URL https://www.saucedemo.com:443"}
{"level":"debug","time":"2022-11-22T20:04:13.868+0700","caller":"runtime/asm_amd64.s:1594","msg":"handling connect request for URL https://www.saucedemo.com:443"}
{"level":"debug","time":"2022-11-22T20:04:13.873+0700","caller":"runtime/asm_amd64.s:1594","msg":"handling connect request for URL https://www.saucedemo.com:443"}
{"level":"debug","time":"2022-11-22T20:04:13.887+0700","caller":"runtime/asm_amd64.s:1594","msg":"handling connect request for URL https://www.saucedemo.com:443"}
{"level":"debug","time":"2022-11-22T20:04:13.898+0700","caller":"runtime/asm_amd64.s:1594","msg":"handling connect request for URL https://www.saucedemo.com:443"}
{"level":"debug","time":"2022-11-22T20:04:14.302+0700","caller":"runtime/asm_amd64.s:1594","msg":"handling connect request for URL https://www.saucedemo.com:443"}
{"level":"debug","time":"2022-11-22T20:04:14.512+0700","caller":"runtime/asm_amd64.s:1594","msg":"handling connect request for URL https://www.saucedemo.com:443"}
{"level":"debug","time":"2022-11-22T20:04:34.166+0700","caller":"cmd/lt.go:211","msg":"Context cancelled"}
{"level":"debug","time":"2022-11-22T20:04:34.166+0700","caller":"runtime/asm_amd64.s:1594","msg":"Shutting down the server"}
{"level":"debug","time":"2022-11-22T20:04:34.166+0700","caller":"custom/setup.go:749","msg":"Exiting the sink proxy"}
{"level":"info","time":"2022-11-22T20:04:34.166+0700","caller":"cmd/lt.go:211","msg":"Stopping tunnel"}
{"level":"debug","time":"2022-11-22T20:04:34.167+0700","caller":"runtime/asm_amd64.s:1594","msg":"Unusual close error on control channel..."}
{"level":"debug","time":"2022-11-22T20:04:34.167+0700","caller":"runtime/asm_amd64.s:1594","msg":"Write loop ended for control channel"}
