{"level":"info","time":"2022-11-22T19:26:03.169+0700","caller":"cobra@v1.1.1/command.go:854","msg":"LambdaTest Tunnel version: 3.1.25"}
{"level":"debug","time":"2022-11-22T19:26:03.172+0700","caller":"cmd/lt.go:211","msg":"Starting pipeline....."}
{"level":"debug","time":"2022-11-22T19:26:03.172+0700","caller":"cmd/lt.go:211","msg":"OS: windows, Arch: amd64"}
{"level":"debug","time":"2022-11-22T19:26:03.172+0700","caller":"cmd/lt.go:211","msg":"Fetching config"}
{"level":"debug","time":"2022-11-22T19:26:03.172+0700","caller":"runtime/asm_amd64.s:1594","msg":"Starting tunnel With flags: --user duypeterle3 --key ***** --controller npm --infoAPIPort 64977 --tunnelName DESKTOP-5UNTMI764977 --logFile DESKTOP-5UNTMI764977.log --port 64978"}
{"level":"debug","time":"2022-11-22T19:26:03.889+0700","caller":"cmd/lt.go:211","msg":"Remote config fetched"}
{"level":"debug","time":"2022-11-22T19:26:04.193+0700","caller":"core/lifecycle.go:152","msg":"Starting API server"}
{"level":"debug","time":"2022-11-22T19:26:04.193+0700","caller":"runtime/asm_amd64.s:1594","msg":"Trying on port 22"}
{"level":"debug","time":"2022-11-22T19:26:04.193+0700","caller":"core/lifecycle.go:138","msg":"Starting sink proxy"}
{"level":"debug","time":"2022-11-22T19:26:04.193+0700","caller":"runtime/asm_amd64.s:1594","msg":"Trying on port 443"}
{"level":"debug","time":"2022-11-22T19:26:04.193+0700","caller":"apiserver/setup.go:173","msg":"Starting API server for tunnel info on port: 64977"}
{"level":"debug","time":"2022-11-22T19:26:04.193+0700","caller":"runtime/asm_amd64.s:1594","msg":"Trying over ssh over ws"}
{"level":"info","time":"2022-11-22T19:26:04.247+0700","caller":"custom/setup.go:749","msg":"Tunnel binary started on port :64978"}
{"level":"debug","time":"2022-11-22T19:26:04.454+0700","caller":"runtime/asm_amd64.s:1594","msg":"WSS connection was successful"}
{"level":"debug","time":"2022-11-22T19:26:05.379+0700","caller":"runtime/asm_amd64.s:1594","msg":"SSH connection over port 443 successful"}
{"level":"debug","time":"2022-11-22T19:26:05.447+0700","caller":"runtime/asm_amd64.s:1594","msg":"SSH connection over ws successful"}
{"level":"debug","time":"2022-11-22T19:26:05.519+0700","caller":"runtime/asm_amd64.s:1594","msg":"SSH connection over port 22 successful"}
{"level":"info","time":"2022-11-22T19:26:05.519+0700","caller":"core/lifecycle.go:115","msg":"Using ssh(over_22) :: connection mode"}
{"level":"info","time":"2022-11-22T19:26:05.519+0700","caller":"cmd/lt.go:211","msg":"Launching tunnel"}
{"level":"debug","time":"2022-11-22T19:26:05.519+0700","caller":"core/lifecycle.go:233","msg":"Starting control ws connection at wss://ts.lambdatest.com/monitor"}
{"level":"debug","time":"2022-11-22T19:26:06.094+0700","caller":"core/lifecycle.go:233","msg":"Control ws channel opened"}
{"level":"debug","time":"2022-11-22T19:26:06.094+0700","caller":"runtime/asm_amd64.s:1594","msg":"Starting message listener on control connection"}
{"level":"debug","time":"2022-11-22T19:26:07.617+0700","caller":"runtime/asm_amd64.s:1594","msg":"Sending tunnel registered message to channels"}
{"level":"debug","time":"2022-11-22T19:26:07.617+0700","caller":"runtime/asm_amd64.s:1594","msg":"Tunnel registered message received on control channel"}
{"level":"debug","time":"2022-11-22T19:26:07.617+0700","caller":"core/lifecycle.go:283","msg":"Using 5 ssh connection"}
{"level":"debug","time":"2022-11-22T19:26:07.617+0700","caller":"runtime/asm_amd64.s:1594","msg":"controller bus registered"}
{"level":"debug","time":"2022-11-22T19:26:08.871+0700","caller":"runtime/asm_amd64.s:1594","msg":"Successfully started sshd listener on port: 6709"}
{"level":"debug","time":"2022-11-22T19:26:08.890+0700","caller":"runtime/asm_amd64.s:1594","msg":"Successfully started sshd listener on port: 25575"}
{"level":"info","time":"2022-11-22T19:26:08.890+0700","caller":"runtime/asm_amd64.s:1594","msg":"You can start testing now"}
{"level":"info","time":"2022-11-22T19:26:08.890+0700","caller":"runtime/asm_amd64.s:1594","msg":"Tunnel ID: 2645264"}
{"level":"debug","time":"2022-11-22T19:26:08.890+0700","caller":"runtime/asm_amd64.s:1594","msg":"Remote Listener Started on Port 31073"}
{"level":"debug","time":"2022-11-22T19:26:08.910+0700","caller":"runtime/asm_amd64.s:1594","msg":"Successfully started sshd listener on port: 21158"}
{"level":"debug","time":"2022-11-22T19:26:09.012+0700","caller":"runtime/asm_amd64.s:1594","msg":"Successfully started sshd listener on port: 8433"}
{"level":"debug","time":"2022-11-22T19:26:09.067+0700","caller":"runtime/asm_amd64.s:1594","msg":"Successfully started sshd listener on port: 1113"}
{"level":"debug","time":"2022-11-22T19:26:26.274+0700","caller":"runtime/asm_amd64.s:1594","msg":"handling connect request for URL https://www.gstatic.com:443"}
{"level":"debug","time":"2022-11-22T19:26:29.542+0700","caller":"runtime/asm_amd64.s:1594","msg":"handling connect request for URL https://www.saucedemo.com:443"}
{"level":"debug","time":"2022-11-22T19:26:30.608+0700","caller":"runtime/asm_amd64.s:1594","msg":"handling connect request for URL https://www.saucedemo.com:443"}
{"level":"debug","time":"2022-11-22T19:26:30.614+0700","caller":"runtime/asm_amd64.s:1594","msg":"handling connect request for URL https://www.saucedemo.com:443"}
{"level":"debug","time":"2022-11-22T19:26:32.615+0700","caller":"runtime/asm_amd64.s:1594","msg":"handling connect request for URL https://www.saucedemo.com:443"}
{"level":"debug","time":"2022-11-22T19:26:32.624+0700","caller":"runtime/asm_amd64.s:1594","msg":"handling connect request for URL https://www.saucedemo.com:443"}
{"level":"debug","time":"2022-11-22T19:26:32.624+0700","caller":"runtime/asm_amd64.s:1594","msg":"handling connect request for URL https://www.saucedemo.com:443"}
{"level":"debug","time":"2022-11-22T19:26:32.654+0700","caller":"runtime/asm_amd64.s:1594","msg":"handling connect request for URL https://www.saucedemo.com:443"}
{"level":"debug","time":"2022-11-22T19:26:32.672+0700","caller":"runtime/asm_amd64.s:1594","msg":"handling connect request for URL https://www.saucedemo.com:443"}
{"level":"debug","time":"2022-11-22T19:26:32.862+0700","caller":"runtime/asm_amd64.s:1594","msg":"handling connect request for URL https://www.saucedemo.com:443"}
{"level":"debug","time":"2022-11-22T19:26:33.002+0700","caller":"runtime/asm_amd64.s:1594","msg":"handling connect request for URL https://www.saucedemo.com:443"}
{"level":"debug","time":"2022-11-22T19:26:33.275+0700","caller":"runtime/asm_amd64.s:1594","msg":"handling connect request for URL https://www.saucedemo.com:443"}
{"level":"debug","time":"2022-11-22T19:26:33.687+0700","caller":"runtime/asm_amd64.s:1594","msg":"handling connect request for URL https://www.saucedemo.com:443"}
{"level":"debug","time":"2022-11-22T19:26:55.691+0700","caller":"runtime/asm_amd64.s:1594","msg":"Shutting down the server"}
{"level":"debug","time":"2022-11-22T19:26:55.691+0700","caller":"cmd/lt.go:211","msg":"Context cancelled"}
{"level":"debug","time":"2022-11-22T19:26:55.691+0700","caller":"custom/setup.go:749","msg":"Exiting the sink proxy"}
{"level":"info","time":"2022-11-22T19:26:55.692+0700","caller":"cmd/lt.go:211","msg":"Stopping tunnel"}
{"level":"debug","time":"2022-11-22T19:26:55.692+0700","caller":"runtime/asm_amd64.s:1594","msg":"Unusual close error on control channel..."}
{"level":"debug","time":"2022-11-22T19:26:55.692+0700","caller":"runtime/asm_amd64.s:1594","msg":"Write loop ended for control channel"}
