{"level":"info","time":"2022-11-22T18:19:04.084+0700","caller":"cobra@v1.1.1/command.go:854","msg":"LambdaTest Tunnel version: 3.1.25"}
{"level":"debug","time":"2022-11-22T18:19:04.086+0700","caller":"cmd/lt.go:211","msg":"Starting pipeline....."}
{"level":"debug","time":"2022-11-22T18:19:04.086+0700","caller":"cmd/lt.go:211","msg":"OS: windows, Arch: amd64"}
{"level":"debug","time":"2022-11-22T18:19:04.086+0700","caller":"cmd/lt.go:211","msg":"Fetching config"}
{"level":"debug","time":"2022-11-22T18:19:04.086+0700","caller":"runtime/asm_amd64.s:1594","msg":"Starting tunnel With flags: --user duypeterle3 --key ***** --controller npm --infoAPIPort 59841 --tunnelName DESKTOP-5UNTMI759841 --logFile DESKTOP-5UNTMI759841.log --port 59842"}
{"level":"debug","time":"2022-11-22T18:19:04.921+0700","caller":"cmd/lt.go:211","msg":"Remote config fetched"}
{"level":"debug","time":"2022-11-22T18:19:05.154+0700","caller":"core/lifecycle.go:152","msg":"Starting API server"}
{"level":"debug","time":"2022-11-22T18:19:05.154+0700","caller":"core/lifecycle.go:138","msg":"Starting sink proxy"}
{"level":"debug","time":"2022-11-22T18:19:05.154+0700","caller":"runtime/asm_amd64.s:1594","msg":"Trying on port 443"}
{"level":"debug","time":"2022-11-22T18:19:05.154+0700","caller":"runtime/asm_amd64.s:1594","msg":"Trying on port 22"}
{"level":"debug","time":"2022-11-22T18:19:05.154+0700","caller":"apiserver/setup.go:173","msg":"Starting API server for tunnel info on port: 59841"}
{"level":"debug","time":"2022-11-22T18:19:05.154+0700","caller":"runtime/asm_amd64.s:1594","msg":"Trying over ssh over ws"}
{"level":"info","time":"2022-11-22T18:19:05.218+0700","caller":"custom/setup.go:749","msg":"Tunnel binary started on port :59842"}
{"level":"debug","time":"2022-11-22T18:19:05.414+0700","caller":"runtime/asm_amd64.s:1594","msg":"WSS connection was successful"}
{"level":"debug","time":"2022-11-22T18:19:06.280+0700","caller":"runtime/asm_amd64.s:1594","msg":"SSH connection over port 443 successful"}
{"level":"debug","time":"2022-11-22T18:19:06.417+0700","caller":"runtime/asm_amd64.s:1594","msg":"SSH connection over ws successful"}
{"level":"debug","time":"2022-11-22T18:19:06.511+0700","caller":"runtime/asm_amd64.s:1594","msg":"SSH connection over port 22 successful"}
{"level":"info","time":"2022-11-22T18:19:06.511+0700","caller":"core/lifecycle.go:115","msg":"Using ssh(over_22) :: connection mode"}
{"level":"info","time":"2022-11-22T18:19:06.511+0700","caller":"cmd/lt.go:211","msg":"Launching tunnel"}
{"level":"debug","time":"2022-11-22T18:19:06.511+0700","caller":"core/lifecycle.go:233","msg":"Starting control ws connection at wss://ts.lambdatest.com/monitor"}
{"level":"debug","time":"2022-11-22T18:19:07.033+0700","caller":"core/lifecycle.go:233","msg":"Control ws channel opened"}
{"level":"debug","time":"2022-11-22T18:19:07.043+0700","caller":"runtime/asm_amd64.s:1594","msg":"Starting message listener on control connection"}
{"level":"debug","time":"2022-11-22T18:19:08.565+0700","caller":"runtime/asm_amd64.s:1594","msg":"Sending tunnel registered message to channels"}
{"level":"debug","time":"2022-11-22T18:19:08.565+0700","caller":"runtime/asm_amd64.s:1594","msg":"Tunnel registered message received on control channel"}
{"level":"debug","time":"2022-11-22T18:19:08.565+0700","caller":"core/lifecycle.go:283","msg":"Using 5 ssh connection"}
{"level":"debug","time":"2022-11-22T18:19:08.565+0700","caller":"runtime/asm_amd64.s:1594","msg":"controller bus registered"}
{"level":"debug","time":"2022-11-22T18:19:09.825+0700","caller":"runtime/asm_amd64.s:1594","msg":"Successfully started sshd listener on port: 24090"}
{"level":"debug","time":"2022-11-22T18:19:09.917+0700","caller":"runtime/asm_amd64.s:1594","msg":"Successfully started sshd listener on port: 8054"}
{"level":"info","time":"2022-11-22T18:19:09.917+0700","caller":"runtime/asm_amd64.s:1594","msg":"You can start testing now"}
{"level":"info","time":"2022-11-22T18:19:09.917+0700","caller":"runtime/asm_amd64.s:1594","msg":"Tunnel ID: 2644776"}
{"level":"debug","time":"2022-11-22T18:19:09.917+0700","caller":"runtime/asm_amd64.s:1594","msg":"Remote Listener Started on Port 1695"}
{"level":"debug","time":"2022-11-22T18:19:09.945+0700","caller":"runtime/asm_amd64.s:1594","msg":"Successfully started sshd listener on port: 26064"}
{"level":"debug","time":"2022-11-22T18:19:10.007+0700","caller":"runtime/asm_amd64.s:1594","msg":"Successfully started sshd listener on port: 31302"}
{"level":"debug","time":"2022-11-22T18:19:10.029+0700","caller":"runtime/asm_amd64.s:1594","msg":"Successfully started sshd listener on port: 8993"}
{"level":"debug","time":"2022-11-22T18:19:37.179+0700","caller":"runtime/asm_amd64.s:1594","msg":"handling connect request for URL https://www.gstatic.com:443"}
{"level":"debug","time":"2022-11-22T18:19:40.407+0700","caller":"runtime/asm_amd64.s:1594","msg":"handling connect request for URL https://opensource-demo.orangehrmlive.com:443"}
{"level":"debug","time":"2022-11-22T18:20:01.831+0700","caller":"runtime/asm_amd64.s:1594","msg":"handling connect request for URL https://opensource-demo.orangehrmlive.com:443"}
{"level":"debug","time":"2022-11-22T18:20:01.839+0700","caller":"runtime/asm_amd64.s:1594","msg":"handling connect request for URL https://opensource-demo.orangehrmlive.com:443"}
{"level":"debug","time":"2022-11-22T18:20:01.847+0700","caller":"runtime/asm_amd64.s:1594","msg":"handling connect request for URL https://opensource-demo.orangehrmlive.com:443"}
{"level":"debug","time":"2022-11-22T18:20:07.783+0700","caller":"runtime/asm_amd64.s:1594","msg":"handling connect request for URL https://opensource-demo.orangehrmlive.com:443"}
{"level":"debug","time":"2022-11-22T18:20:07.805+0700","caller":"runtime/asm_amd64.s:1594","msg":"handling connect request for URL https://opensource-demo.orangehrmlive.com:443"}
{"level":"debug","time":"2022-11-22T18:20:07.845+0700","caller":"runtime/asm_amd64.s:1594","msg":"handling connect request for URL https://opensource-demo.orangehrmlive.com:443"}
{"level":"debug","time":"2022-11-22T18:20:07.849+0700","caller":"runtime/asm_amd64.s:1594","msg":"handling connect request for URL https://opensource-demo.orangehrmlive.com:443"}
{"level":"debug","time":"2022-11-22T18:20:08.533+0700","caller":"runtime/asm_amd64.s:1594","msg":"handling connect request for URL https://opensource-demo.orangehrmlive.com:443"}
{"level":"debug","time":"2022-11-22T18:20:23.584+0700","caller":"custom/setup.go:749","msg":"Exiting the sink proxy"}
{"level":"debug","time":"2022-11-22T18:20:23.584+0700","caller":"runtime/asm_amd64.s:1594","msg":"Shutting down the server"}
{"level":"debug","time":"2022-11-22T18:20:23.584+0700","caller":"cmd/lt.go:211","msg":"Context cancelled"}
{"level":"info","time":"2022-11-22T18:20:23.585+0700","caller":"cmd/lt.go:211","msg":"Stopping tunnel"}
{"level":"debug","time":"2022-11-22T18:20:23.586+0700","caller":"runtime/asm_amd64.s:1594","msg":"Unusual close error on control channel..."}
{"level":"debug","time":"2022-11-22T18:20:23.586+0700","caller":"runtime/asm_amd64.s:1594","msg":"Write loop ended for control channel"}
