{"level":"info","time":"2022-11-22T19:43:37.016+0700","caller":"cobra@v1.1.1/command.go:854","msg":"LambdaTest Tunnel version: 3.1.25"}
{"level":"debug","time":"2022-11-22T19:43:37.026+0700","caller":"cmd/lt.go:211","msg":"Starting pipeline....."}
{"level":"debug","time":"2022-11-22T19:43:37.026+0700","caller":"cmd/lt.go:211","msg":"OS: windows, Arch: amd64"}
{"level":"debug","time":"2022-11-22T19:43:37.026+0700","caller":"cmd/lt.go:211","msg":"Fetching config"}
{"level":"debug","time":"2022-11-22T19:43:37.026+0700","caller":"runtime/asm_amd64.s:1594","msg":"Starting tunnel With flags: --user duypeterle3 --key ***** --controller npm --infoAPIPort 52816 --tunnelName DESKTOP-5UNTMI752816 --logFile DESKTOP-5UNTMI752816.log --port 52817"}
{"level":"debug","time":"2022-11-22T19:43:37.805+0700","caller":"cmd/lt.go:211","msg":"Remote config fetched"}
{"level":"debug","time":"2022-11-22T19:43:37.895+0700","caller":"core/lifecycle.go:152","msg":"Starting API server"}
{"level":"debug","time":"2022-11-22T19:43:37.895+0700","caller":"runtime/asm_amd64.s:1594","msg":"Trying on port 22"}
{"level":"debug","time":"2022-11-22T19:43:37.895+0700","caller":"core/lifecycle.go:138","msg":"Starting sink proxy"}
{"level":"debug","time":"2022-11-22T19:43:37.895+0700","caller":"runtime/asm_amd64.s:1594","msg":"Trying on port 443"}
{"level":"debug","time":"2022-11-22T19:43:37.895+0700","caller":"apiserver/setup.go:173","msg":"Starting API server for tunnel info on port: 52816"}
{"level":"debug","time":"2022-11-22T19:43:37.895+0700","caller":"runtime/asm_amd64.s:1594","msg":"Trying over ssh over ws"}
{"level":"info","time":"2022-11-22T19:43:37.959+0700","caller":"custom/setup.go:749","msg":"Tunnel binary started on port :52817"}
{"level":"debug","time":"2022-11-22T19:43:38.242+0700","caller":"runtime/asm_amd64.s:1594","msg":"WSS connection was successful"}
{"level":"debug","time":"2022-11-22T19:43:39.158+0700","caller":"runtime/asm_amd64.s:1594","msg":"SSH connection over port 443 successful"}
{"level":"debug","time":"2022-11-22T19:43:39.357+0700","caller":"runtime/asm_amd64.s:1594","msg":"SSH connection over ws successful"}
{"level":"debug","time":"2022-11-22T19:43:39.357+0700","caller":"runtime/asm_amd64.s:1594","msg":"SSH connection over port 22 successful"}
{"level":"info","time":"2022-11-22T19:43:39.357+0700","caller":"core/lifecycle.go:115","msg":"Using ssh(over_22) :: connection mode"}
{"level":"info","time":"2022-11-22T19:43:39.357+0700","caller":"cmd/lt.go:211","msg":"Launching tunnel"}
{"level":"debug","time":"2022-11-22T19:43:39.358+0700","caller":"core/lifecycle.go:233","msg":"Starting control ws connection at wss://ts.lambdatest.com/monitor"}
{"level":"debug","time":"2022-11-22T19:43:40.434+0700","caller":"core/lifecycle.go:233","msg":"Control ws channel opened"}
{"level":"debug","time":"2022-11-22T19:43:40.443+0700","caller":"runtime/asm_amd64.s:1594","msg":"Starting message listener on control connection"}
{"level":"debug","time":"2022-11-22T19:43:41.519+0700","caller":"runtime/asm_amd64.s:1594","msg":"Tunnel registered message received on control channel"}
{"level":"debug","time":"2022-11-22T19:43:41.519+0700","caller":"runtime/asm_amd64.s:1594","msg":"controller bus registered"}
{"level":"debug","time":"2022-11-22T19:43:41.519+0700","caller":"runtime/asm_amd64.s:1594","msg":"Sending tunnel registered message to channels"}
{"level":"debug","time":"2022-11-22T19:43:41.519+0700","caller":"core/lifecycle.go:283","msg":"Using 5 ssh connection"}
{"level":"debug","time":"2022-11-22T19:43:43.300+0700","caller":"runtime/asm_amd64.s:1594","msg":"Successfully started sshd listener on port: 6104"}
{"level":"debug","time":"2022-11-22T19:43:43.299+0700","caller":"runtime/asm_amd64.s:1594","msg":"Successfully started sshd listener on port: 15133"}
{"level":"info","time":"2022-11-22T19:43:43.300+0700","caller":"runtime/asm_amd64.s:1594","msg":"You can start testing now"}
{"level":"info","time":"2022-11-22T19:43:43.300+0700","caller":"runtime/asm_amd64.s:1594","msg":"Tunnel ID: 2645362"}
{"level":"debug","time":"2022-11-22T19:43:43.300+0700","caller":"runtime/asm_amd64.s:1594","msg":"Remote Listener Started on Port 31356"}
{"level":"debug","time":"2022-11-22T19:43:43.299+0700","caller":"runtime/asm_amd64.s:1594","msg":"Successfully started sshd listener on port: 27608"}
{"level":"debug","time":"2022-11-22T19:43:43.433+0700","caller":"runtime/asm_amd64.s:1594","msg":"Successfully started sshd listener on port: 23767"}
{"level":"debug","time":"2022-11-22T19:43:43.438+0700","caller":"runtime/asm_amd64.s:1594","msg":"Successfully started sshd listener on port: 28230"}
{"level":"debug","time":"2022-11-22T19:44:03.178+0700","caller":"runtime/asm_amd64.s:1594","msg":"handling connect request for URL https://www.gstatic.com:443"}
{"level":"debug","time":"2022-11-22T19:44:06.570+0700","caller":"runtime/asm_amd64.s:1594","msg":"handling connect request for URL https://www.saucedemo.com:443"}
{"level":"debug","time":"2022-11-22T19:44:07.917+0700","caller":"runtime/asm_amd64.s:1594","msg":"handling connect request for URL https://www.saucedemo.com:443"}
{"level":"debug","time":"2022-11-22T19:44:07.937+0700","caller":"runtime/asm_amd64.s:1594","msg":"handling connect request for URL https://www.saucedemo.com:443"}
{"level":"debug","time":"2022-11-22T19:44:11.021+0700","caller":"runtime/asm_amd64.s:1594","msg":"handling connect request for URL https://www.saucedemo.com:443"}
{"level":"debug","time":"2022-11-22T19:44:11.049+0700","caller":"runtime/asm_amd64.s:1594","msg":"handling connect request for URL https://www.saucedemo.com:443"}
{"level":"debug","time":"2022-11-22T19:44:11.060+0700","caller":"runtime/asm_amd64.s:1594","msg":"handling connect request for URL https://www.saucedemo.com:443"}
{"level":"debug","time":"2022-11-22T19:44:11.066+0700","caller":"runtime/asm_amd64.s:1594","msg":"handling connect request for URL https://www.saucedemo.com:443"}
{"level":"debug","time":"2022-11-22T19:44:11.517+0700","caller":"runtime/asm_amd64.s:1594","msg":"handling connect request for URL https://www.saucedemo.com:443"}
{"level":"debug","time":"2022-11-22T19:44:11.674+0700","caller":"runtime/asm_amd64.s:1594","msg":"handling connect request for URL https://www.saucedemo.com:443"}
{"level":"debug","time":"2022-11-22T19:44:26.605+0700","caller":"cmd/lt.go:211","msg":"Context cancelled"}
{"level":"debug","time":"2022-11-22T19:44:26.605+0700","caller":"custom/setup.go:749","msg":"Exiting the sink proxy"}
{"level":"debug","time":"2022-11-22T19:44:26.605+0700","caller":"runtime/asm_amd64.s:1594","msg":"Shutting down the server"}
{"level":"info","time":"2022-11-22T19:44:26.605+0700","caller":"cmd/lt.go:211","msg":"Stopping tunnel"}
{"level":"debug","time":"2022-11-22T19:44:26.614+0700","caller":"runtime/asm_amd64.s:1594","msg":"Unusual close error on control channel..."}
{"level":"debug","time":"2022-11-22T19:44:26.614+0700","caller":"runtime/asm_amd64.s:1594","msg":"Write loop ended for control channel"}
