{"level":"info","time":"2022-11-22T19:50:20.160+0700","caller":"cobra@v1.1.1/command.go:854","msg":"LambdaTest Tunnel version: 3.1.25"}
{"level":"debug","time":"2022-11-22T19:50:20.165+0700","caller":"cmd/lt.go:211","msg":"Starting pipeline....."}
{"level":"debug","time":"2022-11-22T19:50:20.165+0700","caller":"cmd/lt.go:211","msg":"OS: windows, Arch: amd64"}
{"level":"debug","time":"2022-11-22T19:50:20.165+0700","caller":"cmd/lt.go:211","msg":"Fetching config"}
{"level":"debug","time":"2022-11-22T19:50:20.166+0700","caller":"runtime/asm_amd64.s:1594","msg":"Starting tunnel With flags: --user duypeterle3 --key ***** --controller npm --infoAPIPort 53410 --tunnelName DESKTOP-5UNTMI753410 --logFile DESKTOP-5UNTMI753410.log --port 53411"}
{"level":"debug","time":"2022-11-22T19:50:20.988+0700","caller":"cmd/lt.go:211","msg":"Remote config fetched"}
{"level":"debug","time":"2022-11-22T19:50:21.206+0700","caller":"core/lifecycle.go:152","msg":"Starting API server"}
{"level":"debug","time":"2022-11-22T19:50:21.206+0700","caller":"runtime/asm_amd64.s:1594","msg":"Trying on port 443"}
{"level":"debug","time":"2022-11-22T19:50:21.206+0700","caller":"runtime/asm_amd64.s:1594","msg":"Trying on port 22"}
{"level":"debug","time":"2022-11-22T19:50:21.206+0700","caller":"core/lifecycle.go:138","msg":"Starting sink proxy"}
{"level":"debug","time":"2022-11-22T19:50:21.206+0700","caller":"apiserver/setup.go:173","msg":"Starting API server for tunnel info on port: 53410"}
{"level":"debug","time":"2022-11-22T19:50:21.206+0700","caller":"runtime/asm_amd64.s:1594","msg":"Trying over ssh over ws"}
{"level":"info","time":"2022-11-22T19:50:21.269+0700","caller":"custom/setup.go:749","msg":"Tunnel binary started on port :53411"}
{"level":"debug","time":"2022-11-22T19:50:21.461+0700","caller":"runtime/asm_amd64.s:1594","msg":"WSS connection was successful"}
{"level":"debug","time":"2022-11-22T19:50:22.333+0700","caller":"runtime/asm_amd64.s:1594","msg":"SSH connection over port 443 successful"}
{"level":"debug","time":"2022-11-22T19:50:22.441+0700","caller":"runtime/asm_amd64.s:1594","msg":"SSH connection over ws successful"}
{"level":"debug","time":"2022-11-22T19:50:22.443+0700","caller":"runtime/asm_amd64.s:1594","msg":"SSH connection over port 22 successful"}
{"level":"info","time":"2022-11-22T19:50:22.443+0700","caller":"core/lifecycle.go:115","msg":"Using ssh(over_22) :: connection mode"}
{"level":"info","time":"2022-11-22T19:50:22.443+0700","caller":"cmd/lt.go:211","msg":"Launching tunnel"}
{"level":"debug","time":"2022-11-22T19:50:22.444+0700","caller":"core/lifecycle.go:233","msg":"Starting control ws connection at wss://ts.lambdatest.com/monitor"}
{"level":"debug","time":"2022-11-22T19:50:22.977+0700","caller":"core/lifecycle.go:233","msg":"Control ws channel opened"}
{"level":"debug","time":"2022-11-22T19:50:22.979+0700","caller":"runtime/asm_amd64.s:1594","msg":"Starting message listener on control connection"}
{"level":"debug","time":"2022-11-22T19:50:24.482+0700","caller":"runtime/asm_amd64.s:1594","msg":"Tunnel registered message received on control channel"}
{"level":"debug","time":"2022-11-22T19:50:24.482+0700","caller":"runtime/asm_amd64.s:1594","msg":"controller bus registered"}
{"level":"debug","time":"2022-11-22T19:50:24.482+0700","caller":"runtime/asm_amd64.s:1594","msg":"Sending tunnel registered message to channels"}
{"level":"debug","time":"2022-11-22T19:50:24.482+0700","caller":"core/lifecycle.go:283","msg":"Using 5 ssh connection"}
{"level":"debug","time":"2022-11-22T19:50:25.759+0700","caller":"runtime/asm_amd64.s:1594","msg":"Successfully started sshd listener on port: 4355"}
{"level":"debug","time":"2022-11-22T19:50:25.793+0700","caller":"runtime/asm_amd64.s:1594","msg":"Successfully started sshd listener on port: 12688"}
{"level":"info","time":"2022-11-22T19:50:25.793+0700","caller":"runtime/asm_amd64.s:1594","msg":"You can start testing now"}
{"level":"info","time":"2022-11-22T19:50:25.793+0700","caller":"runtime/asm_amd64.s:1594","msg":"Tunnel ID: 2645386"}
{"level":"debug","time":"2022-11-22T19:50:25.793+0700","caller":"runtime/asm_amd64.s:1594","msg":"Remote Listener Started on Port 23759"}
{"level":"debug","time":"2022-11-22T19:50:25.841+0700","caller":"runtime/asm_amd64.s:1594","msg":"Successfully started sshd listener on port: 12795"}
{"level":"debug","time":"2022-11-22T19:50:25.848+0700","caller":"runtime/asm_amd64.s:1594","msg":"Successfully started sshd listener on port: 1947"}
{"level":"debug","time":"2022-11-22T19:50:25.945+0700","caller":"runtime/asm_amd64.s:1594","msg":"Successfully started sshd listener on port: 1710"}
{"level":"debug","time":"2022-11-22T19:50:38.904+0700","caller":"runtime/asm_amd64.s:1594","msg":"handling connect request for URL https://www.gstatic.com:443"}
{"level":"debug","time":"2022-11-22T19:50:41.902+0700","caller":"runtime/asm_amd64.s:1594","msg":"handling connect request for URL https://www.saucedemo.com:443"}
{"level":"debug","time":"2022-11-22T19:50:42.898+0700","caller":"runtime/asm_amd64.s:1594","msg":"handling connect request for URL https://www.saucedemo.com:443"}
{"level":"debug","time":"2022-11-22T19:50:42.910+0700","caller":"runtime/asm_amd64.s:1594","msg":"handling connect request for URL https://www.saucedemo.com:443"}
{"level":"debug","time":"2022-11-22T19:50:44.752+0700","caller":"runtime/asm_amd64.s:1594","msg":"handling connect request for URL https://www.saucedemo.com:443"}
{"level":"debug","time":"2022-11-22T19:50:44.785+0700","caller":"runtime/asm_amd64.s:1594","msg":"handling connect request for URL https://www.saucedemo.com:443"}
{"level":"debug","time":"2022-11-22T19:50:44.785+0700","caller":"runtime/asm_amd64.s:1594","msg":"handling connect request for URL https://www.saucedemo.com:443"}
{"level":"debug","time":"2022-11-22T19:50:44.823+0700","caller":"runtime/asm_amd64.s:1594","msg":"handling connect request for URL https://www.saucedemo.com:443"}
{"level":"debug","time":"2022-11-22T19:50:45.044+0700","caller":"runtime/asm_amd64.s:1594","msg":"handling connect request for URL https://www.saucedemo.com:443"}
{"level":"debug","time":"2022-11-22T19:50:45.161+0700","caller":"runtime/asm_amd64.s:1594","msg":"handling connect request for URL https://www.saucedemo.com:443"}
{"level":"debug","time":"2022-11-22T19:50:45.489+0700","caller":"runtime/asm_amd64.s:1594","msg":"handling connect request for URL https://www.saucedemo.com:443"}
{"level":"debug","time":"2022-11-22T19:50:45.495+0700","caller":"runtime/asm_amd64.s:1594","msg":"handling connect request for URL https://www.saucedemo.com:443"}
{"level":"debug","time":"2022-11-22T19:50:45.787+0700","caller":"runtime/asm_amd64.s:1594","msg":"handling connect request for URL https://www.saucedemo.com:443"}
{"level":"debug","time":"2022-11-22T19:50:56.807+0700","caller":"runtime/asm_amd64.s:1594","msg":"handling connect request for URL https://v10.vortex-win.data.microsoft.com:443"}
{"level":"debug","time":"2022-11-22T19:50:57.764+0700","caller":"runtime/asm_amd64.s:1594","msg":"handling connect request for URL https://v10.vortex-win.data.microsoft.com:443"}
{"level":"debug","time":"2022-11-22T19:50:58.310+0700","caller":"runtime/asm_amd64.s:1594","msg":"handling connect request for URL https://v10.vortex-win.data.microsoft.com:443"}
{"level":"debug","time":"2022-11-22T19:50:59.239+0700","caller":"runtime/asm_amd64.s:1594","msg":"handling connect request for URL https://v10.vortex-win.data.microsoft.com:443"}
{"level":"debug","time":"2022-11-22T19:50:59.790+0700","caller":"runtime/asm_amd64.s:1594","msg":"handling connect request for URL https://v10.vortex-win.data.microsoft.com:443"}
{"level":"debug","time":"2022-11-22T19:51:00.748+0700","caller":"runtime/asm_amd64.s:1594","msg":"handling connect request for URL https://v10.vortex-win.data.microsoft.com:443"}
{"level":"debug","time":"2022-11-22T19:51:00.777+0700","caller":"runtime/asm_amd64.s:1594","msg":"handling connect request for URL https://v10.vortex-win.data.microsoft.com:443"}
{"level":"debug","time":"2022-11-22T19:51:02.256+0700","caller":"runtime/asm_amd64.s:1594","msg":"handling connect request for URL https://v10.vortex-win.data.microsoft.com:443"}
{"level":"debug","time":"2022-11-22T19:51:03.732+0700","caller":"runtime/asm_amd64.s:1594","msg":"handling connect request for URL https://v10.vortex-win.data.microsoft.com:443"}
{"level":"debug","time":"2022-11-22T19:51:04.695+0700","caller":"cmd/lt.go:211","msg":"Context cancelled"}
{"level":"debug","time":"2022-11-22T19:51:04.695+0700","caller":"runtime/asm_amd64.s:1594","msg":"Shutting down the server"}
{"level":"debug","time":"2022-11-22T19:51:04.695+0700","caller":"custom/setup.go:749","msg":"Exiting the sink proxy"}
{"level":"info","time":"2022-11-22T19:51:04.695+0700","caller":"cmd/lt.go:211","msg":"Stopping tunnel"}
{"level":"debug","time":"2022-11-22T19:51:04.697+0700","caller":"runtime/asm_amd64.s:1594","msg":"Unusual close error on control channel..."}
{"level":"debug","time":"2022-11-22T19:51:04.697+0700","caller":"runtime/asm_amd64.s:1594","msg":"Write loop ended for control channel"}
