{"level":"info","time":"2022-11-22T20:14:40.289+0700","caller":"cobra@v1.1.1/command.go:854","msg":"LambdaTest Tunnel version: 3.1.25"}
{"level":"debug","time":"2022-11-22T20:14:40.295+0700","caller":"cmd/lt.go:211","msg":"Starting pipeline....."}
{"level":"debug","time":"2022-11-22T20:14:40.295+0700","caller":"cmd/lt.go:211","msg":"OS: windows, Arch: amd64"}
{"level":"debug","time":"2022-11-22T20:14:40.295+0700","caller":"cmd/lt.go:211","msg":"Fetching config"}
{"level":"debug","time":"2022-11-22T20:14:40.295+0700","caller":"runtime/asm_amd64.s:1594","msg":"Starting tunnel With flags: --user duypeterle3 --key ***** --controller npm --infoAPIPort 54594 --tunnelName DESKTOP-5UNTMI754594 --logFile DESKTOP-5UNTMI754594.log --port 54595"}
{"level":"debug","time":"2022-11-22T20:14:41.088+0700","caller":"cmd/lt.go:211","msg":"Remote config fetched"}
{"level":"debug","time":"2022-11-22T20:14:41.512+0700","caller":"core/lifecycle.go:138","msg":"Starting sink proxy"}
{"level":"debug","time":"2022-11-22T20:14:41.512+0700","caller":"runtime/asm_amd64.s:1594","msg":"Trying over ssh over ws"}
{"level":"debug","time":"2022-11-22T20:14:41.512+0700","caller":"runtime/asm_amd64.s:1594","msg":"Trying on port 22"}
{"level":"debug","time":"2022-11-22T20:14:41.512+0700","caller":"runtime/asm_amd64.s:1594","msg":"Trying on port 443"}
{"level":"debug","time":"2022-11-22T20:14:41.512+0700","caller":"core/lifecycle.go:152","msg":"Starting API server"}
{"level":"debug","time":"2022-11-22T20:14:41.513+0700","caller":"apiserver/setup.go:173","msg":"Starting API server for tunnel info on port: 54594"}
{"level":"info","time":"2022-11-22T20:14:41.564+0700","caller":"custom/setup.go:749","msg":"Tunnel binary started on port :54595"}
{"level":"debug","time":"2022-11-22T20:14:41.785+0700","caller":"runtime/asm_amd64.s:1594","msg":"WSS connection was successful"}
{"level":"debug","time":"2022-11-22T20:14:42.677+0700","caller":"runtime/asm_amd64.s:1594","msg":"SSH connection over port 443 successful"}
{"level":"debug","time":"2022-11-22T20:14:42.787+0700","caller":"runtime/asm_amd64.s:1594","msg":"SSH connection over ws successful"}
{"level":"debug","time":"2022-11-22T20:14:42.844+0700","caller":"runtime/asm_amd64.s:1594","msg":"SSH connection over port 22 successful"}
{"level":"info","time":"2022-11-22T20:14:42.844+0700","caller":"core/lifecycle.go:115","msg":"Using ssh(over_22) :: connection mode"}
{"level":"info","time":"2022-11-22T20:14:42.845+0700","caller":"cmd/lt.go:211","msg":"Launching tunnel"}
{"level":"debug","time":"2022-11-22T20:14:42.845+0700","caller":"core/lifecycle.go:233","msg":"Starting control ws connection at wss://ts.lambdatest.com/monitor"}
{"level":"debug","time":"2022-11-22T20:14:43.407+0700","caller":"core/lifecycle.go:233","msg":"Control ws channel opened"}
{"level":"debug","time":"2022-11-22T20:14:43.410+0700","caller":"runtime/asm_amd64.s:1594","msg":"Starting message listener on control connection"}
{"level":"debug","time":"2022-11-22T20:14:44.934+0700","caller":"runtime/asm_amd64.s:1594","msg":"Sending tunnel registered message to channels"}
{"level":"debug","time":"2022-11-22T20:14:44.934+0700","caller":"runtime/asm_amd64.s:1594","msg":"Tunnel registered message received on control channel"}
{"level":"debug","time":"2022-11-22T20:14:44.934+0700","caller":"core/lifecycle.go:283","msg":"Using 5 ssh connection"}
{"level":"debug","time":"2022-11-22T20:14:44.934+0700","caller":"runtime/asm_amd64.s:1594","msg":"controller bus registered"}
{"level":"debug","time":"2022-11-22T20:14:46.212+0700","caller":"runtime/asm_amd64.s:1594","msg":"Successfully started sshd listener on port: 19123"}
{"level":"debug","time":"2022-11-22T20:14:46.258+0700","caller":"runtime/asm_amd64.s:1594","msg":"Successfully started sshd listener on port: 9590"}
{"level":"info","time":"2022-11-22T20:14:46.258+0700","caller":"runtime/asm_amd64.s:1594","msg":"You can start testing now"}
{"level":"info","time":"2022-11-22T20:14:46.258+0700","caller":"runtime/asm_amd64.s:1594","msg":"Tunnel ID: 2645571"}
{"level":"debug","time":"2022-11-22T20:14:46.258+0700","caller":"runtime/asm_amd64.s:1594","msg":"Remote Listener Started on Port 23551"}
{"level":"debug","time":"2022-11-22T20:14:46.306+0700","caller":"runtime/asm_amd64.s:1594","msg":"Successfully started sshd listener on port: 16923"}
{"level":"debug","time":"2022-11-22T20:14:46.308+0700","caller":"runtime/asm_amd64.s:1594","msg":"Successfully started sshd listener on port: 15531"}
{"level":"debug","time":"2022-11-22T20:14:46.328+0700","caller":"runtime/asm_amd64.s:1594","msg":"Successfully started sshd listener on port: 26381"}
{"level":"debug","time":"2022-11-22T20:15:05.995+0700","caller":"runtime/asm_amd64.s:1594","msg":"handling connect request for URL https://www.gstatic.com:443"}
{"level":"debug","time":"2022-11-22T20:15:09.455+0700","caller":"runtime/asm_amd64.s:1594","msg":"handling connect request for URL https://www.saucedemo.com:443"}
{"level":"debug","time":"2022-11-22T20:15:11.075+0700","caller":"runtime/asm_amd64.s:1594","msg":"handling connect request for URL https://www.saucedemo.com:443"}
{"level":"debug","time":"2022-11-22T20:15:11.093+0700","caller":"runtime/asm_amd64.s:1594","msg":"handling connect request for URL https://www.saucedemo.com:443"}
{"level":"debug","time":"2022-11-22T20:15:14.081+0700","caller":"runtime/asm_amd64.s:1594","msg":"handling connect request for URL https://www.saucedemo.com:443"}
{"level":"debug","time":"2022-11-22T20:15:14.107+0700","caller":"runtime/asm_amd64.s:1594","msg":"handling connect request for URL https://www.saucedemo.com:443"}
{"level":"debug","time":"2022-11-22T20:15:14.117+0700","caller":"runtime/asm_amd64.s:1594","msg":"handling connect request for URL https://www.saucedemo.com:443"}
{"level":"debug","time":"2022-11-22T20:15:14.238+0700","caller":"runtime/asm_amd64.s:1594","msg":"handling connect request for URL https://www.saucedemo.com:443"}
{"level":"debug","time":"2022-11-22T20:15:14.259+0700","caller":"runtime/asm_amd64.s:1594","msg":"handling connect request for URL https://www.saucedemo.com:443"}
{"level":"debug","time":"2022-11-22T20:15:14.523+0700","caller":"runtime/asm_amd64.s:1594","msg":"handling connect request for URL https://www.saucedemo.com:443"}
{"level":"debug","time":"2022-11-22T20:15:14.874+0700","caller":"runtime/asm_amd64.s:1594","msg":"handling connect request for URL https://www.saucedemo.com:443"}
{"level":"debug","time":"2022-11-22T20:15:40.760+0700","caller":"cmd/lt.go:211","msg":"Context cancelled"}
{"level":"debug","time":"2022-11-22T20:15:40.760+0700","caller":"custom/setup.go:749","msg":"Exiting the sink proxy"}
{"level":"debug","time":"2022-11-22T20:15:40.760+0700","caller":"runtime/asm_amd64.s:1594","msg":"Shutting down the server"}
{"level":"info","time":"2022-11-22T20:15:40.760+0700","caller":"cmd/lt.go:211","msg":"Stopping tunnel"}
{"level":"debug","time":"2022-11-22T20:15:40.760+0700","caller":"runtime/asm_amd64.s:1594","msg":"Unusual close error on control channel..."}
{"level":"debug","time":"2022-11-22T20:15:40.760+0700","caller":"runtime/asm_amd64.s:1594","msg":"Write loop ended for control channel"}
