{"level":"info","time":"2022-11-22T18:21:08.328+0700","caller":"cobra@v1.1.1/command.go:854","msg":"LambdaTest Tunnel version: 3.1.25"}
{"level":"debug","time":"2022-11-22T18:21:08.328+0700","caller":"cmd/lt.go:211","msg":"Starting pipeline....."}
{"level":"debug","time":"2022-11-22T18:21:08.328+0700","caller":"cmd/lt.go:211","msg":"OS: windows, Arch: amd64"}
{"level":"debug","time":"2022-11-22T18:21:08.328+0700","caller":"cmd/lt.go:211","msg":"Fetching config"}
{"level":"debug","time":"2022-11-22T18:21:08.328+0700","caller":"runtime/asm_amd64.s:1594","msg":"Starting tunnel With flags: --user duypeterle3 --key ***** --controller npm --infoAPIPort 60016 --tunnelName DESKTOP-5UNTMI760016 --logFile DESKTOP-5UNTMI760016.log --port 60017"}
{"level":"debug","time":"2022-11-22T18:21:08.997+0700","caller":"cmd/lt.go:211","msg":"Remote config fetched"}
{"level":"debug","time":"2022-11-22T18:21:09.052+0700","caller":"core/lifecycle.go:152","msg":"Starting API server"}
{"level":"debug","time":"2022-11-22T18:21:09.052+0700","caller":"runtime/asm_amd64.s:1594","msg":"Trying on port 22"}
{"level":"debug","time":"2022-11-22T18:21:09.052+0700","caller":"runtime/asm_amd64.s:1594","msg":"Trying over ssh over ws"}
{"level":"debug","time":"2022-11-22T18:21:09.052+0700","caller":"runtime/asm_amd64.s:1594","msg":"Trying on port 443"}
{"level":"debug","time":"2022-11-22T18:21:09.052+0700","caller":"core/lifecycle.go:138","msg":"Starting sink proxy"}
{"level":"debug","time":"2022-11-22T18:21:09.052+0700","caller":"apiserver/setup.go:173","msg":"Starting API server for tunnel info on port: 60016"}
{"level":"info","time":"2022-11-22T18:21:09.110+0700","caller":"custom/setup.go:749","msg":"Tunnel binary started on port :60017"}
{"level":"debug","time":"2022-11-22T18:21:09.351+0700","caller":"runtime/asm_amd64.s:1594","msg":"WSS connection was successful"}
{"level":"debug","time":"2022-11-22T18:21:10.231+0700","caller":"runtime/asm_amd64.s:1594","msg":"SSH connection over port 443 successful"}
{"level":"debug","time":"2022-11-22T18:21:10.401+0700","caller":"runtime/asm_amd64.s:1594","msg":"SSH connection over ws successful"}
{"level":"debug","time":"2022-11-22T18:21:10.468+0700","caller":"runtime/asm_amd64.s:1594","msg":"SSH connection over port 22 successful"}
{"level":"info","time":"2022-11-22T18:21:10.468+0700","caller":"core/lifecycle.go:115","msg":"Using ssh(over_22) :: connection mode"}
{"level":"info","time":"2022-11-22T18:21:10.468+0700","caller":"cmd/lt.go:211","msg":"Launching tunnel"}
{"level":"debug","time":"2022-11-22T18:21:10.468+0700","caller":"core/lifecycle.go:233","msg":"Starting control ws connection at wss://ts.lambdatest.com/monitor"}
{"level":"debug","time":"2022-11-22T18:21:11.022+0700","caller":"core/lifecycle.go:233","msg":"Control ws channel opened"}
{"level":"debug","time":"2022-11-22T18:21:11.023+0700","caller":"runtime/asm_amd64.s:1594","msg":"Starting message listener on control connection"}
{"level":"debug","time":"2022-11-22T18:21:12.516+0700","caller":"runtime/asm_amd64.s:1594","msg":"Sending tunnel registered message to channels"}
{"level":"debug","time":"2022-11-22T18:21:12.516+0700","caller":"runtime/asm_amd64.s:1594","msg":"Tunnel registered message received on control channel"}
{"level":"debug","time":"2022-11-22T18:21:12.516+0700","caller":"runtime/asm_amd64.s:1594","msg":"controller bus registered"}
{"level":"debug","time":"2022-11-22T18:21:12.516+0700","caller":"core/lifecycle.go:283","msg":"Using 5 ssh connection"}
{"level":"debug","time":"2022-11-22T18:21:13.763+0700","caller":"runtime/asm_amd64.s:1594","msg":"Successfully started sshd listener on port: 26478"}
{"level":"debug","time":"2022-11-22T18:21:13.835+0700","caller":"runtime/asm_amd64.s:1594","msg":"Successfully started sshd listener on port: 21535"}
{"level":"info","time":"2022-11-22T18:21:13.835+0700","caller":"runtime/asm_amd64.s:1594","msg":"You can start testing now"}
{"level":"info","time":"2022-11-22T18:21:13.835+0700","caller":"runtime/asm_amd64.s:1594","msg":"Tunnel ID: 2644789"}
{"level":"debug","time":"2022-11-22T18:21:13.835+0700","caller":"runtime/asm_amd64.s:1594","msg":"Remote Listener Started on Port 20167"}
{"level":"debug","time":"2022-11-22T18:21:13.847+0700","caller":"runtime/asm_amd64.s:1594","msg":"Successfully started sshd listener on port: 11171"}
{"level":"debug","time":"2022-11-22T18:21:13.990+0700","caller":"runtime/asm_amd64.s:1594","msg":"Successfully started sshd listener on port: 22609"}
{"level":"debug","time":"2022-11-22T18:21:14.008+0700","caller":"runtime/asm_amd64.s:1594","msg":"Successfully started sshd listener on port: 28290"}
{"level":"debug","time":"2022-11-22T18:21:28.567+0700","caller":"runtime/asm_amd64.s:1594","msg":"handling connect request for URL https://www.gstatic.com:443"}
{"level":"debug","time":"2022-11-22T18:21:31.549+0700","caller":"runtime/asm_amd64.s:1594","msg":"handling connect request for URL https://opensource-demo.orangehrmlive.com:443"}
{"level":"debug","time":"2022-11-22T18:21:51.979+0700","caller":"runtime/asm_amd64.s:1594","msg":"handling connect request for URL https://opensource-demo.orangehrmlive.com:443"}
{"level":"debug","time":"2022-11-22T18:21:51.983+0700","caller":"runtime/asm_amd64.s:1594","msg":"handling connect request for URL https://opensource-demo.orangehrmlive.com:443"}
{"level":"debug","time":"2022-11-22T18:21:51.984+0700","caller":"runtime/asm_amd64.s:1594","msg":"handling connect request for URL https://opensource-demo.orangehrmlive.com:443"}
{"level":"debug","time":"2022-11-22T18:22:01.433+0700","caller":"runtime/asm_amd64.s:1594","msg":"handling connect request for URL https://opensource-demo.orangehrmlive.com:443"}
{"level":"debug","time":"2022-11-22T18:22:01.444+0700","caller":"runtime/asm_amd64.s:1594","msg":"handling connect request for URL https://opensource-demo.orangehrmlive.com:443"}
{"level":"debug","time":"2022-11-22T18:22:01.456+0700","caller":"runtime/asm_amd64.s:1594","msg":"handling connect request for URL https://opensource-demo.orangehrmlive.com:443"}
{"level":"debug","time":"2022-11-22T18:22:01.456+0700","caller":"runtime/asm_amd64.s:1594","msg":"handling connect request for URL https://opensource-demo.orangehrmlive.com:443"}
{"level":"debug","time":"2022-11-22T18:22:02.180+0700","caller":"runtime/asm_amd64.s:1594","msg":"handling connect request for URL https://opensource-demo.orangehrmlive.com:443"}
{"level":"debug","time":"2022-11-22T18:22:17.001+0700","caller":"cmd/lt.go:211","msg":"Context cancelled"}
{"level":"debug","time":"2022-11-22T18:22:17.001+0700","caller":"runtime/asm_amd64.s:1594","msg":"Shutting down the server"}
{"level":"info","time":"2022-11-22T18:22:17.001+0700","caller":"cmd/lt.go:211","msg":"Stopping tunnel"}
{"level":"debug","time":"2022-11-22T18:22:17.001+0700","caller":"custom/setup.go:749","msg":"Exiting the sink proxy"}
{"level":"debug","time":"2022-11-22T18:22:17.013+0700","caller":"runtime/asm_amd64.s:1594","msg":"Unusual close error on control channel..."}
{"level":"debug","time":"2022-11-22T18:22:17.013+0700","caller":"runtime/asm_amd64.s:1594","msg":"Write loop ended for control channel"}
