{"level":"info","time":"2022-11-22T19:21:58.385+0700","caller":"cobra@v1.1.1/command.go:854","msg":"LambdaTest Tunnel version: 3.1.25"}
{"level":"debug","time":"2022-11-22T19:21:58.388+0700","caller":"cmd/lt.go:211","msg":"Starting pipeline....."}
{"level":"debug","time":"2022-11-22T19:21:58.388+0700","caller":"cmd/lt.go:211","msg":"OS: windows, Arch: amd64"}
{"level":"debug","time":"2022-11-22T19:21:58.388+0700","caller":"cmd/lt.go:211","msg":"Fetching config"}
{"level":"debug","time":"2022-11-22T19:21:58.388+0700","caller":"runtime/asm_amd64.s:1594","msg":"Starting tunnel With flags: --user duypeterle3 --key ***** --controller npm --infoAPIPort 64661 --tunnelName DESKTOP-5UNTMI764661 --logFile DESKTOP-5UNTMI764661.log --port 64662"}
{"level":"debug","time":"2022-11-22T19:21:59.167+0700","caller":"cmd/lt.go:211","msg":"Remote config fetched"}
{"level":"debug","time":"2022-11-22T19:21:59.341+0700","caller":"core/lifecycle.go:152","msg":"Starting API server"}
{"level":"debug","time":"2022-11-22T19:21:59.341+0700","caller":"runtime/asm_amd64.s:1594","msg":"Trying on port 443"}
{"level":"debug","time":"2022-11-22T19:21:59.341+0700","caller":"runtime/asm_amd64.s:1594","msg":"Trying on port 22"}
{"level":"debug","time":"2022-11-22T19:21:59.341+0700","caller":"core/lifecycle.go:138","msg":"Starting sink proxy"}
{"level":"debug","time":"2022-11-22T19:21:59.341+0700","caller":"runtime/asm_amd64.s:1594","msg":"Trying over ssh over ws"}
{"level":"debug","time":"2022-11-22T19:21:59.341+0700","caller":"apiserver/setup.go:173","msg":"Starting API server for tunnel info on port: 64661"}
{"level":"info","time":"2022-11-22T19:21:59.405+0700","caller":"custom/setup.go:749","msg":"Tunnel binary started on port :64662"}
{"level":"debug","time":"2022-11-22T19:21:59.596+0700","caller":"runtime/asm_amd64.s:1594","msg":"WSS connection was successful"}
{"level":"debug","time":"2022-11-22T19:22:00.470+0700","caller":"runtime/asm_amd64.s:1594","msg":"SSH connection over port 443 successful"}
{"level":"debug","time":"2022-11-22T19:22:00.578+0700","caller":"runtime/asm_amd64.s:1594","msg":"SSH connection over ws successful"}
{"level":"debug","time":"2022-11-22T19:22:00.607+0700","caller":"runtime/asm_amd64.s:1594","msg":"SSH connection over port 22 successful"}
{"level":"info","time":"2022-11-22T19:22:00.607+0700","caller":"core/lifecycle.go:115","msg":"Using ssh(over_22) :: connection mode"}
{"level":"info","time":"2022-11-22T19:22:00.607+0700","caller":"cmd/lt.go:211","msg":"Launching tunnel"}
{"level":"debug","time":"2022-11-22T19:22:00.608+0700","caller":"core/lifecycle.go:233","msg":"Starting control ws connection at wss://ts.lambdatest.com/monitor"}
{"level":"debug","time":"2022-11-22T19:22:01.686+0700","caller":"core/lifecycle.go:233","msg":"Control ws channel opened"}
{"level":"debug","time":"2022-11-22T19:22:01.687+0700","caller":"runtime/asm_amd64.s:1594","msg":"Starting message listener on control connection"}
{"level":"debug","time":"2022-11-22T19:22:03.367+0700","caller":"runtime/asm_amd64.s:1594","msg":"Sending tunnel registered message to channels"}
{"level":"debug","time":"2022-11-22T19:22:03.367+0700","caller":"core/lifecycle.go:283","msg":"Using 5 ssh connection"}
{"level":"debug","time":"2022-11-22T19:22:03.367+0700","caller":"runtime/asm_amd64.s:1594","msg":"Tunnel registered message received on control channel"}
{"level":"debug","time":"2022-11-22T19:22:03.367+0700","caller":"runtime/asm_amd64.s:1594","msg":"controller bus registered"}
{"level":"debug","time":"2022-11-22T19:22:04.661+0700","caller":"runtime/asm_amd64.s:1594","msg":"Successfully started sshd listener on port: 26870"}
{"level":"debug","time":"2022-11-22T19:22:04.671+0700","caller":"runtime/asm_amd64.s:1594","msg":"Successfully started sshd listener on port: 19271"}
{"level":"info","time":"2022-11-22T19:22:04.671+0700","caller":"runtime/asm_amd64.s:1594","msg":"You can start testing now"}
{"level":"info","time":"2022-11-22T19:22:04.671+0700","caller":"runtime/asm_amd64.s:1594","msg":"Tunnel ID: 2645241"}
{"level":"debug","time":"2022-11-22T19:22:04.671+0700","caller":"runtime/asm_amd64.s:1594","msg":"Remote Listener Started on Port 29685"}
{"level":"debug","time":"2022-11-22T19:22:04.674+0700","caller":"runtime/asm_amd64.s:1594","msg":"Successfully started sshd listener on port: 27000"}
{"level":"debug","time":"2022-11-22T19:22:04.800+0700","caller":"runtime/asm_amd64.s:1594","msg":"Successfully started sshd listener on port: 21256"}
{"level":"debug","time":"2022-11-22T19:22:04.863+0700","caller":"runtime/asm_amd64.s:1594","msg":"Successfully started sshd listener on port: 27132"}
{"level":"debug","time":"2022-11-22T19:22:18.134+0700","caller":"runtime/asm_amd64.s:1594","msg":"handling connect request for URL https://www.gstatic.com:443"}
{"level":"debug","time":"2022-11-22T19:22:21.111+0700","caller":"runtime/asm_amd64.s:1594","msg":"handling connect request for URL https://www.saucedemo.com:443"}
{"level":"debug","time":"2022-11-22T19:22:22.432+0700","caller":"runtime/asm_amd64.s:1594","msg":"handling connect request for URL https://www.saucedemo.com:443"}
{"level":"debug","time":"2022-11-22T19:22:22.432+0700","caller":"runtime/asm_amd64.s:1594","msg":"handling connect request for URL https://www.saucedemo.com:443"}
{"level":"debug","time":"2022-11-22T19:22:25.378+0700","caller":"runtime/asm_amd64.s:1594","msg":"handling connect request for URL https://www.saucedemo.com:443"}
{"level":"debug","time":"2022-11-22T19:22:25.380+0700","caller":"runtime/asm_amd64.s:1594","msg":"handling connect request for URL https://www.saucedemo.com:443"}
{"level":"debug","time":"2022-11-22T19:22:25.385+0700","caller":"runtime/asm_amd64.s:1594","msg":"handling connect request for URL https://www.saucedemo.com:443"}
{"level":"debug","time":"2022-11-22T19:22:25.389+0700","caller":"runtime/asm_amd64.s:1594","msg":"handling connect request for URL https://www.saucedemo.com:443"}
{"level":"debug","time":"2022-11-22T19:22:25.840+0700","caller":"runtime/asm_amd64.s:1594","msg":"handling connect request for URL https://www.saucedemo.com:443"}
{"level":"debug","time":"2022-11-22T19:22:25.854+0700","caller":"runtime/asm_amd64.s:1594","msg":"handling connect request for URL https://www.saucedemo.com:443"}
{"level":"debug","time":"2022-11-22T19:22:40.267+0700","caller":"custom/setup.go:749","msg":"Exiting the sink proxy"}
{"level":"debug","time":"2022-11-22T19:22:40.267+0700","caller":"runtime/asm_amd64.s:1594","msg":"Shutting down the server"}
{"level":"debug","time":"2022-11-22T19:22:40.267+0700","caller":"cmd/lt.go:211","msg":"Context cancelled"}
{"level":"info","time":"2022-11-22T19:22:40.267+0700","caller":"cmd/lt.go:211","msg":"Stopping tunnel"}
{"level":"debug","time":"2022-11-22T19:22:40.268+0700","caller":"runtime/asm_amd64.s:1594","msg":"Unusual close error on control channel..."}
{"level":"debug","time":"2022-11-22T19:22:40.268+0700","caller":"runtime/asm_amd64.s:1594","msg":"Write loop ended for control channel"}
