{"level":"info","time":"2022-11-22T20:21:26.698+0700","caller":"cobra@v1.1.1/command.go:854","msg":"LambdaTest Tunnel version: 3.1.25"}
{"level":"debug","time":"2022-11-22T20:21:26.699+0700","caller":"cmd/lt.go:211","msg":"Starting pipeline....."}
{"level":"debug","time":"2022-11-22T20:21:26.699+0700","caller":"cmd/lt.go:211","msg":"OS: windows, Arch: amd64"}
{"level":"debug","time":"2022-11-22T20:21:26.699+0700","caller":"cmd/lt.go:211","msg":"Fetching config"}
{"level":"debug","time":"2022-11-22T20:21:26.699+0700","caller":"runtime/asm_amd64.s:1594","msg":"Starting tunnel With flags: --user duypeterle3 --key ***** --controller npm --infoAPIPort 54953 --tunnelName DESKTOP-5UNTMI754953 --logFile DESKTOP-5UNTMI754953.log --port 54954"}
{"level":"debug","time":"2022-11-22T20:21:27.746+0700","caller":"cmd/lt.go:211","msg":"Remote config fetched"}
{"level":"debug","time":"2022-11-22T20:21:28.016+0700","caller":"core/lifecycle.go:152","msg":"Starting API server"}
{"level":"debug","time":"2022-11-22T20:21:28.016+0700","caller":"runtime/asm_amd64.s:1594","msg":"Trying on port 22"}
{"level":"debug","time":"2022-11-22T20:21:28.016+0700","caller":"runtime/asm_amd64.s:1594","msg":"Trying over ssh over ws"}
{"level":"debug","time":"2022-11-22T20:21:28.016+0700","caller":"core/lifecycle.go:138","msg":"Starting sink proxy"}
{"level":"debug","time":"2022-11-22T20:21:28.016+0700","caller":"runtime/asm_amd64.s:1594","msg":"Trying on port 443"}
{"level":"debug","time":"2022-11-22T20:21:28.016+0700","caller":"apiserver/setup.go:173","msg":"Starting API server for tunnel info on port: 54953"}
{"level":"info","time":"2022-11-22T20:21:28.079+0700","caller":"custom/setup.go:749","msg":"Tunnel binary started on port :54954"}
{"level":"debug","time":"2022-11-22T20:21:28.282+0700","caller":"runtime/asm_amd64.s:1594","msg":"WSS connection was successful"}
{"level":"debug","time":"2022-11-22T20:21:29.110+0700","caller":"runtime/asm_amd64.s:1594","msg":"SSH connection over port 443 successful"}
{"level":"debug","time":"2022-11-22T20:21:29.241+0700","caller":"runtime/asm_amd64.s:1594","msg":"SSH connection over ws successful"}
{"level":"debug","time":"2022-11-22T20:21:29.301+0700","caller":"runtime/asm_amd64.s:1594","msg":"SSH connection over port 22 successful"}
{"level":"info","time":"2022-11-22T20:21:29.301+0700","caller":"core/lifecycle.go:115","msg":"Using ssh(over_22) :: connection mode"}
{"level":"info","time":"2022-11-22T20:21:29.301+0700","caller":"cmd/lt.go:211","msg":"Launching tunnel"}
{"level":"debug","time":"2022-11-22T20:21:29.302+0700","caller":"core/lifecycle.go:233","msg":"Starting control ws connection at wss://ts.lambdatest.com/monitor"}
{"level":"debug","time":"2022-11-22T20:21:29.924+0700","caller":"core/lifecycle.go:233","msg":"Control ws channel opened"}
{"level":"debug","time":"2022-11-22T20:21:29.924+0700","caller":"runtime/asm_amd64.s:1594","msg":"Starting message listener on control connection"}
{"level":"debug","time":"2022-11-22T20:21:31.519+0700","caller":"runtime/asm_amd64.s:1594","msg":"Tunnel registered message received on control channel"}
{"level":"debug","time":"2022-11-22T20:21:31.519+0700","caller":"runtime/asm_amd64.s:1594","msg":"Sending tunnel registered message to channels"}
{"level":"debug","time":"2022-11-22T20:21:31.519+0700","caller":"core/lifecycle.go:283","msg":"Using 5 ssh connection"}
{"level":"debug","time":"2022-11-22T20:21:31.519+0700","caller":"runtime/asm_amd64.s:1594","msg":"controller bus registered"}
{"level":"debug","time":"2022-11-22T20:21:32.806+0700","caller":"runtime/asm_amd64.s:1594","msg":"Successfully started sshd listener on port: 27700"}
{"level":"debug","time":"2022-11-22T20:21:32.806+0700","caller":"runtime/asm_amd64.s:1594","msg":"Successfully started sshd listener on port: 9988"}
{"level":"info","time":"2022-11-22T20:21:32.807+0700","caller":"runtime/asm_amd64.s:1594","msg":"You can start testing now"}
{"level":"info","time":"2022-11-22T20:21:32.807+0700","caller":"runtime/asm_amd64.s:1594","msg":"Tunnel ID: 2645633"}
{"level":"debug","time":"2022-11-22T20:21:32.807+0700","caller":"runtime/asm_amd64.s:1594","msg":"Remote Listener Started on Port 11520"}
{"level":"debug","time":"2022-11-22T20:21:32.808+0700","caller":"runtime/asm_amd64.s:1594","msg":"Successfully started sshd listener on port: 17851"}
{"level":"debug","time":"2022-11-22T20:21:32.977+0700","caller":"runtime/asm_amd64.s:1594","msg":"Successfully started sshd listener on port: 31172"}
{"level":"debug","time":"2022-11-22T20:21:33.002+0700","caller":"runtime/asm_amd64.s:1594","msg":"Successfully started sshd listener on port: 19411"}
{"level":"debug","time":"2022-11-22T20:21:51.143+0700","caller":"runtime/asm_amd64.s:1594","msg":"handling connect request for URL https://www.gstatic.com:443"}
{"level":"debug","time":"2022-11-22T20:21:54.538+0700","caller":"runtime/asm_amd64.s:1594","msg":"handling connect request for URL https://www.saucedemo.com:443"}
{"level":"debug","time":"2022-11-22T20:21:55.640+0700","caller":"runtime/asm_amd64.s:1594","msg":"handling connect request for URL https://www.saucedemo.com:443"}
{"level":"debug","time":"2022-11-22T20:21:55.640+0700","caller":"runtime/asm_amd64.s:1594","msg":"handling connect request for URL https://www.saucedemo.com:443"}
{"level":"debug","time":"2022-11-22T20:21:57.858+0700","caller":"runtime/asm_amd64.s:1594","msg":"handling connect request for URL https://www.saucedemo.com:443"}
{"level":"debug","time":"2022-11-22T20:21:57.865+0700","caller":"runtime/asm_amd64.s:1594","msg":"handling connect request for URL https://www.saucedemo.com:443"}
{"level":"debug","time":"2022-11-22T20:21:57.865+0700","caller":"runtime/asm_amd64.s:1594","msg":"handling connect request for URL https://www.saucedemo.com:443"}
{"level":"debug","time":"2022-11-22T20:21:57.874+0700","caller":"runtime/asm_amd64.s:1594","msg":"handling connect request for URL https://www.saucedemo.com:443"}
{"level":"debug","time":"2022-11-22T20:21:58.088+0700","caller":"runtime/asm_amd64.s:1594","msg":"handling connect request for URL https://www.saucedemo.com:443"}
{"level":"debug","time":"2022-11-22T20:21:58.187+0700","caller":"runtime/asm_amd64.s:1594","msg":"handling connect request for URL https://www.saucedemo.com:443"}
{"level":"debug","time":"2022-11-22T20:21:58.339+0700","caller":"runtime/asm_amd64.s:1594","msg":"handling connect request for URL https://www.saucedemo.com:443"}
{"level":"debug","time":"2022-11-22T20:21:58.509+0700","caller":"runtime/asm_amd64.s:1594","msg":"handling connect request for URL https://www.saucedemo.com:443"}
{"level":"debug","time":"2022-11-22T20:22:24.241+0700","caller":"cmd/lt.go:211","msg":"Context cancelled"}
{"level":"debug","time":"2022-11-22T20:22:24.241+0700","caller":"runtime/asm_amd64.s:1594","msg":"Shutting down the server"}
{"level":"debug","time":"2022-11-22T20:22:24.241+0700","caller":"custom/setup.go:749","msg":"Exiting the sink proxy"}
{"level":"info","time":"2022-11-22T20:22:24.241+0700","caller":"cmd/lt.go:211","msg":"Stopping tunnel"}
{"level":"debug","time":"2022-11-22T20:22:24.242+0700","caller":"runtime/asm_amd64.s:1594","msg":"Unusual close error on control channel..."}
{"level":"debug","time":"2022-11-22T20:22:24.242+0700","caller":"runtime/asm_amd64.s:1594","msg":"Write loop ended for control channel"}
