{"username":"haritagr16","accessKey":"KhRUhWBtSMg06DfGkKDY1khYNJm95695WV42HfaYPot7nqQfw6","logFile":"./logDir/api.log","level":"info","message":"Imported ApiClient and User Credenetials","timestamp":"2021-08-29T13:30:20.899Z"}
{"url":"https://api.lambdatest.com/automation/api/v1/sessions/9f21978609110fa47cc9e2e5ad9ca7f6","body":"{\"status_ind\":\"passed\"}","method":"PATCH","headers":{"Authorization":"Basic aGFyaXRhZ3IxNjpLaFJVaFdCdFNNZzA2RGZHa0tEWTFraFlOSm05NTY5NVdWNDJIZmFZUG90N25xUWZ3Ng==","Content-Type":"application/json","Accept":"application/json"},"level":"info","message":"Api request options ","timestamp":"2021-08-29T13:30:40.592Z"}
{"message":"Api response json :  Session updated successfully","status":"success","level":"info","timestamp":"2021-08-29T13:30:42.148Z"}
{"accessKey":"Oqdeo5Bo0dk0pmJlzcTWAAminXIlhB3LZGXp4HZIrBXrUg3tWu","isApp":false,"level":"info","logFile":"./logDir/api.log","message":"Imported ApiClient and User Credenetials","timestamp":"2022-11-22T11:19:11.427Z","username":"duypeterle3"}
{"body":"{\"status_ind\":\"failed\"}","headers":{"Accept":"application/json","Authorization":"Basic ZHV5cGV0ZXJsZTM6T3FkZW81Qm8wZGswcG1KbHpjVFdBQW1pblhJbGhCM0xaR1hwNEhaSXJCWHJVZzN0V3U=","Content-Type":"application/json","client":"npm-rest-client","version":"1.0.5"},"level":"info","message":"Api request options ","method":"PATCH","timestamp":"2022-11-22T11:20:21.735Z","url":"https://api.lambdatest.com/automation/api/v1/sessions/195e2f86faff46b1f670521fcfbdab4a"}
{"level":"info","message":"Api response json :  Session updated successfully","status":"success","timestamp":"2022-11-22T11:20:22.995Z"}
{"accessKey":"Oqdeo5Bo0dk0pmJlzcTWAAminXIlhB3LZGXp4HZIrBXrUg3tWu","isApp":false,"level":"info","logFile":"./logDir/api.log","message":"Imported ApiClient and User Credenetials","timestamp":"2022-11-22T11:21:14.354Z","username":"duypeterle3"}
{"body":"{\"status_ind\":\"failed\"}","headers":{"Accept":"application/json","Authorization":"Basic ZHV5cGV0ZXJsZTM6T3FkZW81Qm8wZGswcG1KbHpjVFdBQW1pblhJbGhCM0xaR1hwNEhaSXJCWHJVZzN0V3U=","Content-Type":"application/json","client":"npm-rest-client","version":"1.0.5"},"level":"info","message":"Api request options ","method":"PATCH","timestamp":"2022-11-22T11:22:15.273Z","url":"https://api.lambdatest.com/automation/api/v1/sessions/9277bb6ed751c4cbfe23d367449eef3f"}
{"level":"info","message":"Api response json :  Session updated successfully","status":"success","timestamp":"2022-11-22T11:22:16.420Z"}
{"accessKey":"Oqdeo5Bo0dk0pmJlzcTWAAminXIlhB3LZGXp4HZIrBXrUg3tWu","isApp":false,"level":"info","logFile":"./logDir/api.log","message":"Imported ApiClient and User Credenetials","timestamp":"2022-11-22T12:10:14.698Z","username":"duypeterle3"}
{"body":"{\"status_ind\":\"failed\"}","headers":{"Accept":"application/json","Authorization":"Basic ZHV5cGV0ZXJsZTM6T3FkZW81Qm8wZGswcG1KbHpjVFdBQW1pblhJbGhCM0xaR1hwNEhaSXJCWHJVZzN0V3U=","Content-Type":"application/json","client":"npm-rest-client","version":"1.0.5"},"level":"info","message":"Api request options ","method":"PATCH","timestamp":"2022-11-22T12:10:54.423Z","url":"https://api.lambdatest.com/automation/api/v1/sessions/276946f0803173ebee6953b36286b79f"}
{"level":"info","message":"Api response json :  Session updated successfully","status":"success","timestamp":"2022-11-22T12:10:55.665Z"}
{"accessKey":"Oqdeo5Bo0dk0pmJlzcTWAAminXIlhB3LZGXp4HZIrBXrUg3tWu","isApp":false,"level":"info","logFile":"./logDir/api.log","message":"Imported ApiClient and User Credenetials","timestamp":"2022-11-22T12:22:05.109Z","username":"duypeterle3"}
{"body":"{\"status_ind\":\"passed\"}","headers":{"Accept":"application/json","Authorization":"Basic ZHV5cGV0ZXJsZTM6T3FkZW81Qm8wZGswcG1KbHpjVFdBQW1pblhJbGhCM0xaR1hwNEhaSXJCWHJVZzN0V3U=","Content-Type":"application/json","client":"npm-rest-client","version":"1.0.5"},"level":"info","message":"Api request options ","method":"PATCH","timestamp":"2022-11-22T12:22:35.031Z","url":"https://api.lambdatest.com/automation/api/v1/sessions/caad8ef61b3c1f64bee190d36b35d80f"}
{"level":"info","message":"Api response json :  Session updated successfully","status":"success","timestamp":"2022-11-22T12:22:39.679Z"}
{"accessKey":"Oqdeo5Bo0dk0pmJlzcTWAAminXIlhB3LZGXp4HZIrBXrUg3tWu","isApp":false,"level":"info","logFile":"./logDir/api.log","message":"Imported ApiClient and User Credenetials","timestamp":"2022-11-22T12:24:04.352Z","username":"duypeterle3"}
{"body":"{\"status_ind\":\"failed\"}","headers":{"Accept":"application/json","Authorization":"Basic ZHV5cGV0ZXJsZTM6T3FkZW81Qm8wZGswcG1KbHpjVFdBQW1pblhJbGhCM0xaR1hwNEhaSXJCWHJVZzN0V3U=","Content-Type":"application/json","client":"npm-rest-client","version":"1.0.5"},"level":"info","message":"Api request options ","method":"PATCH","timestamp":"2022-11-22T12:24:38.499Z","url":"https://api.lambdatest.com/automation/api/v1/sessions/ceda3bea8b16db5d829ee3c0074963b6"}
{"level":"info","message":"Api response json :  Session updated successfully","status":"success","timestamp":"2022-11-22T12:24:39.732Z"}
{"accessKey":"Oqdeo5Bo0dk0pmJlzcTWAAminXIlhB3LZGXp4HZIrBXrUg3tWu","isApp":false,"level":"info","logFile":"./logDir/api.log","message":"Imported ApiClient and User Credenetials","timestamp":"2022-11-22T12:26:09.057Z","username":"duypeterle3"}
{"body":"{\"status_ind\":\"failed\"}","headers":{"Accept":"application/json","Authorization":"Basic ZHV5cGV0ZXJsZTM6T3FkZW81Qm8wZGswcG1KbHpjVFdBQW1pblhJbGhCM0xaR1hwNEhaSXJCWHJVZzN0V3U=","Content-Type":"application/json","client":"npm-rest-client","version":"1.0.5"},"level":"info","message":"Api request options ","method":"PATCH","timestamp":"2022-11-22T12:26:53.805Z","url":"https://api.lambdatest.com/automation/api/v1/sessions/a359e84648a560b01df2c2f070de32d0"}
{"level":"info","message":"Api response json :  Session updated successfully","status":"success","timestamp":"2022-11-22T12:26:55.068Z"}
{"accessKey":"Oqdeo5Bo0dk0pmJlzcTWAAminXIlhB3LZGXp4HZIrBXrUg3tWu","isApp":false,"level":"info","logFile":"./logDir/api.log","message":"Imported ApiClient and User Credenetials","timestamp":"2022-11-22T12:43:43.029Z","username":"duypeterle3"}
{"body":"{\"status_ind\":\"failed\"}","headers":{"Accept":"application/json","Authorization":"Basic ZHV5cGV0ZXJsZTM6T3FkZW81Qm8wZGswcG1KbHpjVFdBQW1pblhJbGhCM0xaR1hwNEhaSXJCWHJVZzN0V3U=","Content-Type":"application/json","client":"npm-rest-client","version":"1.0.5"},"level":"info","message":"Api request options ","method":"PATCH","timestamp":"2022-11-22T12:44:21.187Z","url":"https://api.lambdatest.com/automation/api/v1/sessions/1abbba6af842ae37d86a73e1efc1ab88"}
{"level":"info","message":"Api response json :  Session updated successfully","status":"success","timestamp":"2022-11-22T12:44:25.943Z"}
{"accessKey":"Oqdeo5Bo0dk0pmJlzcTWAAminXIlhB3LZGXp4HZIrBXrUg3tWu","isApp":false,"level":"info","logFile":"./logDir/api.log","message":"Imported ApiClient and User Credenetials","timestamp":"2022-11-22T12:50:25.803Z","username":"duypeterle3"}
{"body":"{\"status_ind\":\"passed\"}","headers":{"Accept":"application/json","Authorization":"Basic ZHV5cGV0ZXJsZTM6T3FkZW81Qm8wZGswcG1KbHpjVFdBQW1pblhJbGhCM0xaR1hwNEhaSXJCWHJVZzN0V3U=","Content-Type":"application/json","client":"npm-rest-client","version":"1.0.5"},"level":"info","message":"Api request options ","method":"PATCH","timestamp":"2022-11-22T12:50:58.110Z","url":"https://api.lambdatest.com/automation/api/v1/sessions/96f53ae340afbc5118ec202552292332"}
{"level":"info","message":"Api response json :  Session updated successfully","status":"success","timestamp":"2022-11-22T12:51:04.014Z"}
{"accessKey":"Oqdeo5Bo0dk0pmJlzcTWAAminXIlhB3LZGXp4HZIrBXrUg3tWu","isApp":false,"level":"info","logFile":"./logDir/api.log","message":"Imported ApiClient and User Credenetials","timestamp":"2022-11-22T13:03:46.574Z","username":"duypeterle3"}
{"body":"{\"status_ind\":\"passed\"}","headers":{"Accept":"application/json","Authorization":"Basic ZHV5cGV0ZXJsZTM6T3FkZW81Qm8wZGswcG1KbHpjVFdBQW1pblhJbGhCM0xaR1hwNEhaSXJCWHJVZzN0V3U=","Content-Type":"application/json","client":"npm-rest-client","version":"1.0.5"},"level":"info","message":"Api request options ","method":"PATCH","timestamp":"2022-11-22T13:04:32.264Z","url":"https://api.lambdatest.com/automation/api/v1/sessions/5f330b2b41829290883e17ece826b622"}
{"level":"info","message":"Api response json :  Session updated successfully","status":"success","timestamp":"2022-11-22T13:04:33.504Z"}
{"accessKey":"Oqdeo5Bo0dk0pmJlzcTWAAminXIlhB3LZGXp4HZIrBXrUg3tWu","isApp":false,"level":"info","logFile":"./logDir/api.log","message":"Imported ApiClient and User Credenetials","timestamp":"2022-11-22T13:14:46.548Z","username":"duypeterle3"}
{"body":"{\"status_ind\":\"passed\"}","headers":{"Accept":"application/json","Authorization":"Basic ZHV5cGV0ZXJsZTM6T3FkZW81Qm8wZGswcG1KbHpjVFdBQW1pblhJbGhCM0xaR1hwNEhaSXJCWHJVZzN0V3U=","Content-Type":"application/json","client":"npm-rest-client","version":"1.0.5"},"level":"info","message":"Api request options ","method":"PATCH","timestamp":"2022-11-22T13:15:38.809Z","url":"https://api.lambdatest.com/automation/api/v1/sessions/2a8c2eec1e6f11cf3aec6a5bb74dfbce"}
{"level":"info","message":"Api response json :  Session updated successfully","status":"success","timestamp":"2022-11-22T13:15:40.082Z"}
{"accessKey":"Oqdeo5Bo0dk0pmJlzcTWAAminXIlhB3LZGXp4HZIrBXrUg3tWu","isApp":false,"level":"info","logFile":"./logDir/api.log","message":"Imported ApiClient and User Credenetials","timestamp":"2022-11-22T13:21:32.812Z","username":"duypeterle3"}
{"body":"{\"status_ind\":\"passed\"}","headers":{"Accept":"application/json","Authorization":"Basic ZHV5cGV0ZXJsZTM6T3FkZW81Qm8wZGswcG1KbHpjVFdBQW1pblhJbGhCM0xaR1hwNEhaSXJCWHJVZzN0V3U=","Content-Type":"application/json","client":"npm-rest-client","version":"1.0.5"},"level":"info","message":"Api request options ","method":"PATCH","timestamp":"2022-11-22T13:22:22.309Z","url":"https://api.lambdatest.com/automation/api/v1/sessions/e88a39b47e26d16e1112b5e1ab551f3f"}
{"level":"info","message":"Api response json :  Session updated successfully","status":"success","timestamp":"2022-11-22T13:22:23.562Z"}
